#
# There is insufficient memory for the Java Runtime Environment to continue.
# Native memory allocation (mmap) failed to map 266338304 bytes for Failed to commit area from 0x0000000702e00000 to 0x0000000712c00000 of length 266338304.
# Possible reasons:
#   The system is out of physical RAM or swap space
#   The process is running with CompressedOops enabled, and the Java Heap may be blocking the growth of the native heap
# Possible solutions:
#   Reduce memory load on the system
#   Increase physical memory or swap space
#   Check if swap backing store is full
#   Decrease Java heap size (-Xmx/-Xms)
#   Decrease number of Java threads
#   Decrease Java thread stack sizes (-Xss)
#   Set larger code cache with -XX:ReservedCodeCacheSize=
# This output file may be truncated or incomplete.
#
#  Out of Memory Error (./src/hotspot/os/windows/os_windows.cpp:3387), pid=21288, tid=19660
#
# JRE version:  (11.0.14.1+1) (build )
# Java VM: OpenJDK 64-Bit Server VM (11.0.14.1+1, mixed mode, sharing, tiered, compressed oops, g1 gc, windows-amd64)
# No core dump will be written. Minidumps are not enabled by default on client versions of Windows
#

---------------  S U M M A R Y ------------

Command Line: -Dfile.encoding=UTF-8 

Host: 12th Gen Intel(R) Core(TM) i5-12400F, 12 cores, 15G,  Windows 10 , 64 bit Build 19041 (10.0.19041.3636)
Time: Sat Nov 25 18:34:35 2023 Arab Standard Time elapsed time: 0.005132 seconds (0d 0h 0m 0s)

---------------  T H R E A D  ---------------

Current thread (0x000002724c24b000):  JavaThread "Unknown thread" [_thread_in_vm, id=19660, stack(0x0000007285e00000,0x0000007285f00000)]

Stack: [0x0000007285e00000,0x0000007285f00000]
Native frames: (J=compiled Java code, j=interpreted, Vv=VM code, C=native code)
V  [jvm.dll+0x61e59a]
V  [jvm.dll+0x7aaca9]
V  [jvm.dll+0x7ac398]
V  [jvm.dll+0x7aca73]
V  [jvm.dll+0x24f9b8]
V  [jvm.dll+0x61b83a]
V  [jvm.dll+0x6100c5]
V  [jvm.dll+0x30772c]
V  [jvm.dll+0x3075b2]
V  [jvm.dll+0x30c2d6]
V  [jvm.dll+0x35272f]
V  [jvm.dll+0x352160]
V  [jvm.dll+0x2e4728]
V  [jvm.dll+0x2e5886]
V  [jvm.dll+0x784b07]
V  [jvm.dll+0x78628f]
V  [jvm.dll+0x35f479]
V  [jvm.dll+0x767aa0]
V  [jvm.dll+0x3ccf1f]
V  [jvm.dll+0x3cf2b1]
C  [jli.dll+0x5207]
C  [ucrtbase.dll+0x21bb2]
C  [KERNEL32.DLL+0x17344]
C  [ntdll.dll+0x526b1]


---------------  P R O C E S S  ---------------

Threads class SMR info:
_java_thread_list=0x000002724c0e52b0, length=0, elements={
}

Java Threads: ( => current thread )

Other Threads:
  0x000002724c262800 GCTaskThread "GC Thread#0" [stack: 0x0000007285f00000,0x0000007286000000] [id=25060]
  0x000002724c2c3000 ConcurrentGCThread "G1 Main Marker" [stack: 0x0000007286000000,0x0000007286100000] [id=5620]
  0x000002724c2c4800 ConcurrentGCThread "G1 Conc#0" [stack: 0x0000007286100000,0x0000007286200000] [id=19700]

[error occurred during error reporting (printing all threads), id 0xc0000005, EXCEPTION_ACCESS_VIOLATION (0xc0000005) at pc=0x00007ffd02173ef7]

VM state:not at safepoint (not fully initialized)

VM Mutex/Monitor currently owned by a thread:  ([mutex/lock_event])
[0x000002724c2471c0] Heap_lock - owner thread: 0x000002724c24b000

Heap address: 0x0000000702e00000, size: 4050 MB, Compressed Oops mode: Non-zero based: 0x0000000702e00000
Narrow klass base: 0x0000000000000000, Narrow klass shift: 0

GC Heap History (0 events):
No events

Deoptimization events (0 events):
No events

Classes redefined (0 events):
No events

Internal exceptions (0 events):
No events

Events (1 events):
Event: 0.003 Loaded shared library E:\Programs\UnityEditors\2022.3.9f1\Editor\Data\PlaybackEngines\AndroidPlayer\OpenJDK\bin\zip.dll


Dynamic libraries:
0x00007ff772d30000 - 0x00007ff772d3d000 	E:\Programs\UnityEditors\2022.3.9f1\Editor\Data\PlaybackEngines\AndroidPlayer\OpenJDK\bin\java.exe
0x00007ffd41130000 - 0x00007ffd41328000 	C:\WINDOWS\SYSTEM32\ntdll.dll
0x00007ffd3f190000 - 0x00007ffd3f24d000 	C:\WINDOWS\System32\KERNEL32.DLL
0x00007ffd3ed50000 - 0x00007ffd3f046000 	C:\WINDOWS\System32\KERNELBASE.dll
0x00007ffd3e810000 - 0x00007ffd3e910000 	C:\WINDOWS\System32\ucrtbase.dll
0x00007ffd3a350000 - 0x00007ffd3a367000 	E:\Programs\UnityEditors\2022.3.9f1\Editor\Data\PlaybackEngines\AndroidPlayer\OpenJDK\bin\jli.dll
0x00007ffd3a330000 - 0x00007ffd3a345000 	E:\Programs\UnityEditors\2022.3.9f1\Editor\Data\PlaybackEngines\AndroidPlayer\OpenJDK\bin\VCRUNTIME140.dll
0x00007ffd3fb10000 - 0x00007ffd3fcae000 	C:\WINDOWS\System32\USER32.dll
0x00007ffd3f050000 - 0x00007ffd3f072000 	C:\WINDOWS\System32\win32u.dll
0x00007ffd3fd30000 - 0x00007ffd3fd5c000 	C:\WINDOWS\System32\GDI32.dll
0x00007ffd349c0000 - 0x00007ffd34c5a000 	C:\WINDOWS\WinSxS\amd64_microsoft.windows.common-controls_6595b64144ccf1df_6.0.19041.3636_none_60b6a03d71f818d5\COMCTL32.dll
0x00007ffd3e910000 - 0x00007ffd3ea2a000 	C:\WINDOWS\System32\gdi32full.dll
0x00007ffd40750000 - 0x00007ffd407ee000 	C:\WINDOWS\System32\msvcrt.dll
0x00007ffd3ea30000 - 0x00007ffd3eacd000 	C:\WINDOWS\System32\msvcp_win.dll
0x00007ffd3fe80000 - 0x00007ffd3feb0000 	C:\WINDOWS\System32\IMM32.DLL
0x00007ffd15e30000 - 0x00007ffd15ecb000 	E:\Programs\UnityEditors\2022.3.9f1\Editor\Data\PlaybackEngines\AndroidPlayer\OpenJDK\bin\msvcp140.dll
0x00007ffd01e80000 - 0x00007ffd02a01000 	E:\Programs\UnityEditors\2022.3.9f1\Editor\Data\PlaybackEngines\AndroidPlayer\OpenJDK\bin\server\jvm.dll
0x00007ffd3feb0000 - 0x00007ffd3ff5f000 	C:\WINDOWS\System32\ADVAPI32.dll
0x00007ffd40d70000 - 0x00007ffd40e0c000 	C:\WINDOWS\System32\sechost.dll
0x00007ffd3f840000 - 0x00007ffd3f966000 	C:\WINDOWS\System32\RPCRT4.dll
0x00007ffd3f970000 - 0x00007ffd3f978000 	C:\WINDOWS\System32\PSAPI.DLL
0x00007ffcb6510000 - 0x00007ffcb6519000 	C:\WINDOWS\SYSTEM32\WSOCK32.dll
0x00007ffd38110000 - 0x00007ffd3811a000 	C:\WINDOWS\SYSTEM32\VERSION.dll
0x00007ffd2f2e0000 - 0x00007ffd2f307000 	C:\WINDOWS\SYSTEM32\WINMM.dll
0x00007ffd3ff90000 - 0x00007ffd3fffb000 	C:\WINDOWS\System32\WS2_32.dll
0x00007ffd3c6f0000 - 0x00007ffd3c702000 	C:\WINDOWS\SYSTEM32\kernel.appcore.dll
0x00007ffd3c020000 - 0x00007ffd3c030000 	E:\Programs\UnityEditors\2022.3.9f1\Editor\Data\PlaybackEngines\AndroidPlayer\OpenJDK\bin\verify.dll
0x00007ffd2b400000 - 0x00007ffd2b5e4000 	C:\WINDOWS\SYSTEM32\DBGHELP.DLL
0x00007ffd18350000 - 0x00007ffd18384000 	C:\WINDOWS\SYSTEM32\dbgcore.DLL
0x00007ffd3f0d0000 - 0x00007ffd3f152000 	C:\WINDOWS\System32\bcryptPrimitives.dll
0x00007ffd3a2d0000 - 0x00007ffd3a2f8000 	E:\Programs\UnityEditors\2022.3.9f1\Editor\Data\PlaybackEngines\AndroidPlayer\OpenJDK\bin\java.dll
0x00007ffd3a2c0000 - 0x00007ffd3a2ca000 	E:\Programs\UnityEditors\2022.3.9f1\Editor\Data\PlaybackEngines\AndroidPlayer\OpenJDK\bin\jimage.dll
0x00007ffd3a230000 - 0x00007ffd3a248000 	E:\Programs\UnityEditors\2022.3.9f1\Editor\Data\PlaybackEngines\AndroidPlayer\OpenJDK\bin\zip.dll

dbghelp: loaded successfully - version: 4.0.5 - missing functions: none
symbol engine: initialized successfully - sym options: 0x614 - pdb path: .;E:\Programs\UnityEditors\2022.3.9f1\Editor\Data\PlaybackEngines\AndroidPlayer\OpenJDK\bin;C:\WINDOWS\SYSTEM32;C:\WINDOWS\WinSxS\amd64_microsoft.windows.common-controls_6595b64144ccf1df_6.0.19041.3636_none_60b6a03d71f818d5;E:\Programs\UnityEditors\2022.3.9f1\Editor\Data\PlaybackEngines\AndroidPlayer\OpenJDK\bin\server

VM Arguments:
jvm_args: -Dfile.encoding=UTF-8 
java_command: <unknown>
java_class_path (initial): <not set>
Launcher Type: SUN_STANDARD

[Global flags]
     intx CICompilerCount                          = 4                                         {product} {ergonomic}
     uint ConcGCThreads                            = 3                                         {product} {ergonomic}
     uint G1ConcRefinementThreads                  = 10                                        {product} {ergonomic}
   size_t G1HeapRegionSize                         = 1048576                                   {product} {ergonomic}
    uintx GCDrainStackTargetSize                   = 64                                        {product} {ergonomic}
   size_t InitialHeapSize                          = 266338304                                 {product} {ergonomic}
   size_t MarkStackSize                            = 4194304                                   {product} {ergonomic}
   size_t MaxHeapSize                              = 4246732800                                {product} {ergonomic}
   size_t MinHeapDeltaBytes                        = 1048576                                   {product} {ergonomic}
    uintx NonNMethodCodeHeapSize                   = 5836300                                {pd product} {ergonomic}
    uintx NonProfiledCodeHeapSize                  = 122910970                              {pd product} {ergonomic}
    uintx ProfiledCodeHeapSize                     = 122910970                              {pd product} {ergonomic}
    uintx ReservedCodeCacheSize                    = 251658240                              {pd product} {ergonomic}
     bool SegmentedCodeCache                       = true                                      {product} {ergonomic}
     bool UseCompressedClassPointers               = true                                 {lp64_product} {ergonomic}
     bool UseCompressedOops                        = true                                 {lp64_product} {ergonomic}
     bool UseG1GC                                  = true                                      {product} {ergonomic}
     bool UseLargePagesIndividualAllocation        = false                                  {pd product} {ergonomic}

Logging:
Log output configuration:
 #0: stdout all=warning uptime,level,tags
 #1: stderr all=off uptime,level,tags

Environment Variables:
JAVA_HOME=E:\Programs\UnityEditors\2022.3.9f1\Editor\Data\PlaybackEngines\AndroidPlayer\OpenJDK
JAVA_TOOL_OPTIONS=-Dfile.encoding=UTF-8
PATH=E:\Programs\UnityVCS\server;E:\Programs\UnityVCS\client;C:\Program Files (x86)\Common Files\Oracle\Java\javapath;C:\Windows\system32;C:\Windows;C:\Windows\System32\Wbem;C:\Windows\System32\WindowsPowerShell\v1.0\;C:\Windows\System32\OpenSSH\;C:\Program Files\NVIDIA Corporation\NVIDIA NvDLISR;C:\Program Files (x86)\NVIDIA Corporation\PhysX\Common;C:\Program Files\Git\cmd;C:\Program Files\dotnet\;C:\WINDOWS\system32;C:\WINDOWS;C:\WINDOWS\System32\Wbem;C:\WINDOWS\System32\WindowsPowerShell\v1.0\;C:\WINDOWS\System32\OpenSSH\;C:\Users\user\AppData\Local\Programs\Eclipse Adoptium\jdk-17.0.6.10-hotspot\bin;C:\Users\user\AppData\Local\Microsoft\WindowsApps;D:\Programs\PyCharm Community Edition 2022.2.2\bin;;C:\Users\user\AppData\Local\Programs\Microsoft VS Code\bin;C:\flutter\bin;D:\Programs\gradle-7.6\bin;C:\Users\user\.dotnet\tools;C:\Users\user\AppData\Local\GitHubDesktop\bin
USERNAME=user
OS=Windows_NT
PROCESSOR_IDENTIFIER=Intel64 Family 6 Model 151 Stepping 2, GenuineIntel



---------------  S Y S T E M  ---------------

OS: Windows 10 , 64 bit Build 19041 (10.0.19041.3636)
OS uptime: 0 days 1:44 hours

CPU:total 12 (initial active 12) (6 cores per cpu, 2 threads per core) family 6 model 151 stepping 2 microcode 0xf, cmov, cx8, fxsr, mmx, sse, sse2, sse3, ssse3, sse4.1, sse4.2, popcnt, avx, avx2, aes, clmul, erms, 3dnowpref, lzcnt, ht, tsc, tscinvbit, bmi1, bmi2, adx, sha, fma

Memory: 4k page, system-wide physical 16197M (2416M free)
TotalPageFile size 46643M (AvailPageFile size 208M)
current process WorkingSet (physical memory assigned to process): 10M, peak: 10M
current process commit charge ("private bytes"): 65M, peak: 318M

vm_info: OpenJDK 64-Bit Server VM (11.0.14.1+1) for windows-amd64 JRE (11.0.14.1+1), built on Feb  9 2022 01:48:27 by "" with unknown MS VC++:1916

END.
