#
# There is insufficient memory for the Java Runtime Environment to continue.
# Native memory allocation (malloc) failed to allocate 1048576 bytes for AllocateHeap
# Possible reasons:
#   The system is out of physical RAM or swap space
#   The process is running with CompressedOops enabled, and the Java Heap may be blocking the growth of the native heap
# Possible solutions:
#   Reduce memory load on the system
#   Increase physical memory or swap space
#   Check if swap backing store is full
#   Decrease Java heap size (-Xmx/-Xms)
#   Decrease number of Java threads
#   Decrease Java thread stack sizes (-Xss)
#   Set larger code cache with -XX:ReservedCodeCacheSize=
#   JVM is running with Unscaled Compressed Oops mode in which the Java heap is
#     placed in the first 4GB address space. The Java Heap base address is the
#     maximum limit for the native heap growth. Please use -XX:HeapBaseMinAddress
#     to set the Java Heap base and to place the Java Heap above 4GB virtual address.
# This output file may be truncated or incomplete.
#
#  Out of Memory Error (./src/hotspot/share/memory/allocation.cpp:46), pid=22984, tid=22904
#
# JRE version:  (11.0.14.1+1) (build )
# Java VM: OpenJDK 64-Bit Server VM (11.0.14.1+1, mixed mode, sharing, tiered, compressed oops, g1 gc, windows-amd64)
# No core dump will be written. Minidumps are not enabled by default on client versions of Windows
#

---------------  S U M M A R Y ------------

Command Line: 

Host: 12th Gen Intel(R) Core(TM) i5-12400F, 12 cores, 15G,  Windows 10 , 64 bit Build 19041 (10.0.19041.3636)
Time: Sat Nov 25 16:37:42 2023 Arab Standard Time elapsed time: 0.004677 seconds (0d 0h 0m 0s)

---------------  T H R E A D  ---------------

Current thread (0x000001eec526a800):  JavaThread "Unknown thread" [_thread_in_vm, id=22904, stack(0x0000003287600000,0x0000003287700000)]

Stack: [0x0000003287600000,0x0000003287700000]
Native frames: (J=compiled Java code, j=interpreted, Vv=VM code, C=native code)
V  [jvm.dll+0x61e59a]
V  [jvm.dll+0x7aaca9]
V  [jvm.dll+0x7ac398]
V  [jvm.dll+0x7aca73]
V  [jvm.dll+0x24f9b8]
V  [jvm.dll+0xb95d4]
V  [jvm.dll+0x2e0518]
V  [jvm.dll+0x784af7]
V  [jvm.dll+0x78628f]
V  [jvm.dll+0x35f479]
V  [jvm.dll+0x767aa0]
V  [jvm.dll+0x3ccf1f]
V  [jvm.dll+0x3cf2b1]
C  [jli.dll+0x5207]
C  [ucrtbase.dll+0x21bb2]
C  [KERNEL32.DLL+0x17344]
C  [ntdll.dll+0x526b1]


---------------  P R O C E S S  ---------------

Threads class SMR info:
_java_thread_list=0x000001eec3831f70, length=0, elements={
}

Java Threads: ( => current thread )

Other Threads:

=>0x000001eec526a800 (exited) JavaThread "Unknown thread" [_thread_in_vm, id=22904, stack(0x0000003287600000,0x0000003287700000)]

Threads with active compile tasks:

VM state:not at safepoint (not fully initialized)

VM Mutex/Monitor currently owned by a thread: None


[error occurred during error reporting (printing compressed oops mode), id 0xc0000005, EXCEPTION_ACCESS_VIOLATION (0xc0000005) at pc=0x00007ff9ac3b58d7]

GC Heap History (0 events):
No events

Deoptimization events (0 events):
No events

Classes redefined (0 events):
No events

Internal exceptions (0 events):
No events

Events (1 events):
Event: 0.003 Loaded shared library E:\Programs\UnityEditors\2022.3.9f1\Editor\Data\PlaybackEngines\AndroidPlayer\OpenJDK\bin\zip.dll


Dynamic libraries:
0x00007ff66de80000 - 0x00007ff66de8d000 	E:\Programs\UnityEditors\2022.3.9f1\Editor\Data\PlaybackEngines\AndroidPlayer\OpenJDK\bin\java.exe
0x00007ff9eacd0000 - 0x00007ff9eaec8000 	C:\WINDOWS\SYSTEM32\ntdll.dll
0x00007ff9eab20000 - 0x00007ff9eabdd000 	C:\WINDOWS\System32\KERNEL32.DLL
0x00007ff9e8410000 - 0x00007ff9e8706000 	C:\WINDOWS\System32\KERNELBASE.dll
0x00007ff9e8990000 - 0x00007ff9e8a90000 	C:\WINDOWS\System32\ucrtbase.dll
0x00007ff9e4b80000 - 0x00007ff9e4b97000 	E:\Programs\UnityEditors\2022.3.9f1\Editor\Data\PlaybackEngines\AndroidPlayer\OpenJDK\bin\jli.dll
0x00007ff9dec80000 - 0x00007ff9dec95000 	E:\Programs\UnityEditors\2022.3.9f1\Editor\Data\PlaybackEngines\AndroidPlayer\OpenJDK\bin\VCRUNTIME140.dll
0x00007ff9e9d30000 - 0x00007ff9e9ece000 	C:\WINDOWS\System32\USER32.dll
0x00007ff9e83b0000 - 0x00007ff9e83d2000 	C:\WINDOWS\System32\win32u.dll
0x00007ff9e9d00000 - 0x00007ff9e9d2c000 	C:\WINDOWS\System32\GDI32.dll
0x00007ff9de810000 - 0x00007ff9deaaa000 	C:\WINDOWS\WinSxS\amd64_microsoft.windows.common-controls_6595b64144ccf1df_6.0.19041.3636_none_60b6a03d71f818d5\COMCTL32.dll
0x00007ff9e8a90000 - 0x00007ff9e8baa000 	C:\WINDOWS\System32\gdi32full.dll
0x00007ff9ea4c0000 - 0x00007ff9ea55e000 	C:\WINDOWS\System32\msvcrt.dll
0x00007ff9e8c40000 - 0x00007ff9e8cdd000 	C:\WINDOWS\System32\msvcp_win.dll
0x00007ff9ea9d0000 - 0x00007ff9eaa00000 	C:\WINDOWS\System32\IMM32.DLL
0x00007ff9b75f0000 - 0x00007ff9b768b000 	E:\Programs\UnityEditors\2022.3.9f1\Editor\Data\PlaybackEngines\AndroidPlayer\OpenJDK\bin\msvcp140.dll
0x00007ff9abc30000 - 0x00007ff9ac7b1000 	E:\Programs\UnityEditors\2022.3.9f1\Editor\Data\PlaybackEngines\AndroidPlayer\OpenJDK\bin\server\jvm.dll
0x00007ff9ea340000 - 0x00007ff9ea3ef000 	C:\WINDOWS\System32\ADVAPI32.dll
0x00007ff9e90a0000 - 0x00007ff9e913c000 	C:\WINDOWS\System32\sechost.dll
0x00007ff9e9270000 - 0x00007ff9e9396000 	C:\WINDOWS\System32\RPCRT4.dll
0x00007ff9e8d30000 - 0x00007ff9e8d38000 	C:\WINDOWS\System32\PSAPI.DLL
0x00007ff9e1bf0000 - 0x00007ff9e1bf9000 	C:\WINDOWS\SYSTEM32\WSOCK32.dll
0x00007ff9d8dd0000 - 0x00007ff9d8df7000 	C:\WINDOWS\SYSTEM32\WINMM.dll
0x00007ff9e26e0000 - 0x00007ff9e26ea000 	C:\WINDOWS\SYSTEM32\VERSION.dll
0x00007ff9ea650000 - 0x00007ff9ea6bb000 	C:\WINDOWS\System32\WS2_32.dll
0x00007ff9e6290000 - 0x00007ff9e62a2000 	C:\WINDOWS\SYSTEM32\kernel.appcore.dll
0x00007ff9dec70000 - 0x00007ff9dec80000 	E:\Programs\UnityEditors\2022.3.9f1\Editor\Data\PlaybackEngines\AndroidPlayer\OpenJDK\bin\verify.dll
0x00007ff9d5630000 - 0x00007ff9d5814000 	C:\WINDOWS\SYSTEM32\DBGHELP.DLL
0x00007ff9c1d90000 - 0x00007ff9c1dc4000 	C:\WINDOWS\SYSTEM32\dbgcore.DLL
0x00007ff9e8bb0000 - 0x00007ff9e8c32000 	C:\WINDOWS\System32\bcryptPrimitives.dll
0x00007ff9c93e0000 - 0x00007ff9c9408000 	E:\Programs\UnityEditors\2022.3.9f1\Editor\Data\PlaybackEngines\AndroidPlayer\OpenJDK\bin\java.dll
0x00007ff9daf70000 - 0x00007ff9daf7a000 	E:\Programs\UnityEditors\2022.3.9f1\Editor\Data\PlaybackEngines\AndroidPlayer\OpenJDK\bin\jimage.dll
0x00007ff9d8ba0000 - 0x00007ff9d8bb8000 	E:\Programs\UnityEditors\2022.3.9f1\Editor\Data\PlaybackEngines\AndroidPlayer\OpenJDK\bin\zip.dll

dbghelp: loaded successfully - version: 4.0.5 - missing functions: none
symbol engine: initialized successfully - sym options: 0x614 - pdb path: .;E:\Programs\UnityEditors\2022.3.9f1\Editor\Data\PlaybackEngines\AndroidPlayer\OpenJDK\bin;C:\WINDOWS\SYSTEM32;C:\WINDOWS\WinSxS\amd64_microsoft.windows.common-controls_6595b64144ccf1df_6.0.19041.3636_none_60b6a03d71f818d5;E:\Programs\UnityEditors\2022.3.9f1\Editor\Data\PlaybackEngines\AndroidPlayer\OpenJDK\bin\server

VM Arguments:
java_command: <unknown>
java_class_path (initial): <not set>
Launcher Type: SUN_STANDARD

[Global flags]
     intx CICompilerCount                          = 4                                         {product} {ergonomic}
     uint G1ConcRefinementThreads                  = 10                                        {product} {ergonomic}
   size_t G1HeapRegionSize                         = 1048576                                   {product} {ergonomic}
    uintx GCDrainStackTargetSize                   = 64                                        {product} {ergonomic}
   size_t InitialHeapSize                          = 266338304                                 {product} {ergonomic}
   size_t MaxHeapSize                              = 4246732800                                {product} {ergonomic}
   size_t MinHeapDeltaBytes                        = 1048576                                   {product} {ergonomic}
    uintx NonNMethodCodeHeapSize                   = 5836300                                {pd product} {ergonomic}
    uintx NonProfiledCodeHeapSize                  = 122910970                              {pd product} {ergonomic}
    uintx ProfiledCodeHeapSize                     = 122910970                              {pd product} {ergonomic}
    uintx ReservedCodeCacheSize                    = 251658240                              {pd product} {ergonomic}
     bool SegmentedCodeCache                       = true                                      {product} {ergonomic}
     bool UseCompressedClassPointers               = true                                 {lp64_product} {ergonomic}
     bool UseCompressedOops                        = true                                 {lp64_product} {ergonomic}
     bool UseG1GC                                  = true                                      {product} {ergonomic}
     bool UseLargePagesIndividualAllocation        = false                                  {pd product} {ergonomic}

Logging:
Log output configuration:
 #0: stdout all=warning uptime,level,tags
 #1: stderr all=off uptime,level,tags

Environment Variables:
JAVA_HOME=E:\Programs\UnityEditors\2022.3.9f1\Editor\Data\PlaybackEngines\AndroidPlayer\OpenJDK
PATH=E:\Programs\UnityVCS\server;E:\Programs\UnityVCS\client;C:\Program Files (x86)\Common Files\Oracle\Java\javapath;C:\Windows\system32;C:\Windows;C:\Windows\System32\Wbem;C:\Windows\System32\WindowsPowerShell\v1.0\;C:\Windows\System32\OpenSSH\;C:\Program Files\NVIDIA Corporation\NVIDIA NvDLISR;C:\Program Files (x86)\NVIDIA Corporation\PhysX\Common;C:\Program Files\Git\cmd;C:\Program Files\dotnet\;C:\WINDOWS\system32;C:\WINDOWS;C:\WINDOWS\System32\Wbem;C:\WINDOWS\System32\WindowsPowerShell\v1.0\;C:\WINDOWS\System32\OpenSSH\;C:\Users\user\AppData\Local\Programs\Eclipse Adoptium\jdk-17.0.6.10-hotspot\bin;C:\Users\user\AppData\Local\Microsoft\WindowsApps;D:\Programs\PyCharm Community Edition 2022.2.2\bin;;C:\Users\user\AppData\Local\Programs\Microsoft VS Code\bin;C:\flutter\bin;D:\Programs\gradle-7.6\bin;C:\Users\user\.dotnet\tools;C:\Users\user\AppData\Local\GitHubDesktop\bin
USERNAME=user
OS=Windows_NT
PROCESSOR_IDENTIFIER=Intel64 Family 6 Model 151 Stepping 2, GenuineIntel



---------------  S Y S T E M  ---------------

OS: Windows 10 , 64 bit Build 19041 (10.0.19041.3636)
OS uptime: 0 days 0:51 hours

CPU:total 12 (initial active 12) (6 cores per cpu, 2 threads per core) family 6 model 151 stepping 2 microcode 0xf, cmov, cx8, fxsr, mmx, sse, sse2, sse3, ssse3, sse4.1, sse4.2, popcnt, avx, avx2, aes, clmul, erms, 3dnowpref, lzcnt, ht, tsc, tscinvbit, bmi1, bmi2, adx, sha, fma

Memory: 4k page, system-wide physical 16197M (6370M free)
TotalPageFile size 46643M (AvailPageFile size 5M)
current process WorkingSet (physical memory assigned to process): 9M, peak: 9M
current process commit charge ("private bytes"): 19M, peak: 20M

vm_info: OpenJDK 64-Bit Server VM (11.0.14.1+1) for windows-amd64 JRE (11.0.14.1+1), built on Feb  9 2022 01:48:27 by "" with unknown MS VC++:1916

END.
